<?xml version="1.0" encoding="UTF-8"?>
<testng-results ignored="0" total="1" passed="1" failed="0" skipped="0">
  <reporter-output>
  </reporter-output>
  <suite started-at="2025-09-27T17:42:31 EDT" name="Default suite" finished-at="2025-09-27T17:42:41 EDT" duration-ms="9414">
    <groups>
    </groups>
    <test started-at="2025-09-27T17:42:31 EDT" name="Default test" finished-at="2025-09-27T17:42:41 EDT" duration-ms="9414">
      <class name="com.test.cases.TestCaseThree">
        <test-method is-config="true" signature="testSetup()[pri:0, instance:com.test.cases.TestCaseThree@54c5a2ff]" started-at="2025-09-27T17:42:31 EDT" name="testSetup" finished-at="2025-09-27T17:42:37 EDT" duration-ms="5946" status="PASS">
          <reporter-output>
          </reporter-output>
        </test-method> <!-- testSetup -->
        <test-method signature="Test_003()[pri:0, instance:com.test.cases.TestCaseThree@54c5a2ff]" started-at="2025-09-27T17:42:37 EDT" name="Test_003" description="Login User with incorrect email and password" finished-at="2025-09-27T17:42:40 EDT" duration-ms="2888" status="PASS">
          <reporter-output>
          </reporter-output>
        </test-method> <!-- Test_003 -->
        <test-method is-config="true" signature="testTeardown()[pri:0, instance:com.test.cases.TestCaseThree@54c5a2ff]" started-at="2025-09-27T17:42:40 EDT" name="testTeardown" finished-at="2025-09-27T17:42:41 EDT" duration-ms="562" status="PASS">
          <reporter-output>
          </reporter-output>
        </test-method> <!-- testTeardown -->
      </class> <!-- com.test.cases.TestCaseThree -->
    </test> <!-- Default test -->
  </suite> <!-- Default suite -->
</testng-results>
