<?xml version="1.0" encoding="UTF-8"?>
<testng-results ignored="0" total="1" passed="1" failed="0" skipped="0">
  <reporter-output>
  </reporter-output>
  <suite started-at="2025-09-29T21:07:57 EDT" name="Default suite" finished-at="2025-09-29T21:08:04 EDT" duration-ms="6686">
    <groups>
    </groups>
    <test started-at="2025-09-29T21:07:57 EDT" name="Default test" finished-at="2025-09-29T21:08:04 EDT" duration-ms="6686">
      <class name="com.test.cases.TestCaseEleven">
        <test-method is-config="true" signature="setup()[pri:0, instance:com.test.cases.TestCaseEleven@1ed4ae0f]" started-at="2025-09-29T21:07:57 EDT" name="setup" finished-at="2025-09-29T21:08:02 EDT" duration-ms="4459" status="PASS">
          <reporter-output>
          </reporter-output>
        </test-method> <!-- setup -->
        <test-method signature="TC_011_Verify_Subscription_In_CartPage()[pri:0, instance:com.test.cases.TestCaseEleven@1ed4ae0f]" started-at="2025-09-29T21:08:02 EDT" name="TC_011_Verify_Subscription_In_CartPage" description="cart subscription verificaiton" finished-at="2025-09-29T21:08:03 EDT" duration-ms="1673" status="PASS">
          <reporter-output>
          </reporter-output>
        </test-method> <!-- TC_011_Verify_Subscription_In_CartPage -->
        <test-method is-config="true" signature="teardown()[pri:0, instance:com.test.cases.TestCaseEleven@1ed4ae0f]" started-at="2025-09-29T21:08:03 EDT" name="teardown" finished-at="2025-09-29T21:08:04 EDT" duration-ms="537" status="PASS">
          <reporter-output>
          </reporter-output>
        </test-method> <!-- teardown -->
      </class> <!-- com.test.cases.TestCaseEleven -->
    </test> <!-- Default test -->
  </suite> <!-- Default suite -->
</testng-results>
